Array
(
    [id] => 29
)

Array
(
    [id] => 29
)

Array
(
    [id] => 29
)

Array
(
    [id] => 29
)

Array
(
    [id] => 29
)

Array
(
    [id] => 29
)

Array
(
    [id] => 29
)

Array
(
    [id] => 29
)

Array
(
    [id] => 29
)

Array
(
    [id] => 29
)

Array
(
    [id] => 29
)

Array
(
    [id] => 29
)

Array
(
    [id] => 29
)

Array
(
    [id] =>  29
)

Array
(
    [id] => 29
)

Array
(
    [id] => 29
)

Array
(
    [id] => 29
)

Array
(
    [id] => 29
)

Array
(
    [id] => 29
)

Array
(
    [id] => 29
)

Array
(
    [id] => 29
)

Array
(
    [id] => 29
)

Array
(
    [id] => 29
)

Array
(
    [id] => 29
)

Array
(
    [id] => 31
)

Array
(
    [id] => 29
)

Array
(
    [id] => 29
)

